c:\users\share\documents\visual studio 2015\projects\petha-kinfe-tip-motion-estimation\consoleapplication1\x64\release\vc140.pdb
c:\users\share\documents\visual studio 2015\projects\petha-kinfe-tip-motion-estimation\consoleapplication1\x64\release\shmem.obj
c:\users\share\documents\visual studio 2015\projects\petha-kinfe-tip-motion-estimation\consoleapplication1\x64\release\petha-knife.obj
c:\users\share\documents\visual studio 2015\projects\2017\petha-kinfe-tip-motion-estimation\consoleapplication1\x64\release\vc140.pdb
c:\users\share\documents\visual studio 2015\projects\2017\petha-kinfe-tip-motion-estimation\consoleapplication1\x64\release\shmem.obj
c:\users\share\documents\visual studio 2015\projects\2017\petha-kinfe-tip-motion-estimation\consoleapplication1\x64\release\petha-knife.obj
c:\users\share\documents\visual studio 2015\projects\petha-kinfe-tip-motion-estimation\x64\release\consoleapplication1.lib
c:\users\share\documents\visual studio 2015\projects\petha-kinfe-tip-motion-estimation\x64\release\consoleapplication1.exp
c:\users\share\documents\visual studio 2015\projects\2017\petha-kinfe-tip-motion-estimation\x64\release\consoleapplication1.lib
c:\users\share\documents\visual studio 2015\projects\2017\petha-kinfe-tip-motion-estimation\x64\release\consoleapplication1.exp
c:\users\share\documents\visual studio 2015\projects\petha-kinfe-tip-motion-estimation\x64\release\consoleapplication1.exe
c:\users\share\documents\visual studio 2015\projects\petha-kinfe-tip-motion-estimation\x64\release\consoleapplication1.ipdb
c:\users\share\documents\visual studio 2015\projects\petha-kinfe-tip-motion-estimation\x64\release\consoleapplication1.iobj
c:\users\share\documents\visual studio 2015\projects\petha-kinfe-tip-motion-estimation\x64\release\consoleapplication1.pdb
c:\users\share\documents\visual studio 2015\projects\2017\petha-kinfe-tip-motion-estimation\x64\release\consoleapplication1.exe
c:\users\share\documents\visual studio 2015\projects\2017\petha-kinfe-tip-motion-estimation\x64\release\consoleapplication1.ipdb
c:\users\share\documents\visual studio 2015\projects\2017\petha-kinfe-tip-motion-estimation\x64\release\consoleapplication1.iobj
c:\users\share\documents\visual studio 2015\projects\2017\petha-kinfe-tip-motion-estimation\x64\release\consoleapplication1.pdb
c:\users\share\documents\visual studio 2015\projects\2017\petha-kinfe-tip-motion-estimation\consoleapplication1\x64\release\consolea.afae687e.tlog\cl.command.1.tlog
c:\users\share\documents\visual studio 2015\projects\2017\petha-kinfe-tip-motion-estimation\consoleapplication1\x64\release\consolea.afae687e.tlog\cl.read.1.tlog
c:\users\share\documents\visual studio 2015\projects\2017\petha-kinfe-tip-motion-estimation\consoleapplication1\x64\release\consolea.afae687e.tlog\cl.write.1.tlog
c:\users\share\documents\visual studio 2015\projects\2017\petha-kinfe-tip-motion-estimation\consoleapplication1\x64\release\consolea.afae687e.tlog\consoleapplication1.write.1u.tlog
c:\users\share\documents\visual studio 2015\projects\2017\petha-kinfe-tip-motion-estimation\consoleapplication1\x64\release\consolea.afae687e.tlog\link.command.1.tlog
c:\users\share\documents\visual studio 2015\projects\2017\petha-kinfe-tip-motion-estimation\consoleapplication1\x64\release\consolea.afae687e.tlog\link.read.1.tlog
c:\users\share\documents\visual studio 2015\projects\2017\petha-kinfe-tip-motion-estimation\consoleapplication1\x64\release\consolea.afae687e.tlog\link.write.1.tlog
